<?xml version="1.0" encoding="UTF-8"?>
<!-- Generated by org.testng.reporters.JUnitReportReporter -->
<testsuite hostname="MX3500906DC0254" name="example.IETest" tests="1" failures="0" timestamp="19 Nov 2018 17:13:50 GMT" time="60.802" errors="0">
  <testcase name="sendTestIE" time="60.802" classname="example.IETest"/>
</testsuite> <!-- example.IETest -->
