<?xml version="1.0" encoding="UTF-8"?>
<!-- Generated by org.testng.reporters.JUnitReportReporter -->
<testsuite hostname="MX3500906DC0254" name="example.NewTest" tests="4" failures="0" timestamp="19 Nov 2018 08:29:16 GMT" time="14.683" errors="0">
  <testcase name="sendTestFirefox" time="0.003" classname="example.NewTest"/>
  <testcase name="sendTestChrome" time="14.675" classname="example.NewTest"/>
  <testcase name="sendTestIE" time="0.003" classname="example.NewTest"/>
  <testcase name="sendTestSafari" time="0.002" classname="example.NewTest"/>
</testsuite> <!-- example.NewTest -->
