<?xml version="1.0" encoding="UTF-8"?>
<!-- Generated by org.testng.reporters.JUnitReportReporter -->
<testsuite hostname="MX3500906DC0254" name="example.FirefoxTest" tests="1" failures="0" timestamp="19 Nov 2018 17:16:20 GMT" time="24.697" errors="0">
  <testcase name="sendFirefoxTestDriver" time="24.697" classname="example.FirefoxTest"/>
</testsuite> <!-- example.FirefoxTest -->
