<?xml version="1.0" encoding="UTF-8"?>
<!-- Generated by org.testng.reporters.JUnitReportReporter -->
<testsuite hostname="MX3500906DC0254" name="example.ChromeTest" tests="1" failures="0" timestamp="19 Nov 2018 17:11:50 GMT" time="13.503" errors="0">
  <testcase name="sendTestChrome" time="13.503" classname="example.ChromeTest"/>
</testsuite> <!-- example.ChromeTest -->
